<?xml version="1.0" encoding="utf-8" ?>
<!-- DO NOT EDIT THIS FILE -->

<log version='2.0' source='trc'>
	<msg id='1' display='false' source='trc'>
		<type>PROCESS_START</type>
		<severity>INFO</severity>
		<timestamp>Fri Mar  8 03:46:21 2024</timestamp>
		<arg name='process'>/user/home/jg20659/HPC-openmp/d2q9-bgk</arg>
		<arg name='pid'>11177</arg>
	</msg>
	<!-- Instrumentation filter's state:
    Patterns applicability:
        Generic loop pattern.....................: enabled
        Generic loop pattern (with dynamic jumps): enabled
        Known trip value loop pattern............: enabled
        Runtime final value loop pattern.........: enabled
        No initial IV loop pattern...............: enabled
        IV step only loop pattern................: enabled
        No entry loop pattern....................: enabled
    Clustered memory model (CMM) applicability:
        Generic loop pattern.....................: enabled
        Generic loop pattern (with dynamic jumps): enabled
        Known trip value loop pattern............: enabled
        Runtime final value loop pattern.........: enabled
        No initial IV loop pattern...............: enabled
        IV step only loop pattern................: enabled
        No entry loop pattern....................: disabled
 -->
	<!-- Callstack mode:
    filter modules.........: true
    filter routines........: true
    count loops............: false
    count flops............: false
    trace..................: false
    extended trace.........: false
    omp trace..............: false
    jit trace..............: false
    failures trace.........: false
    dump raw...............: false
    dump final.............: false
    dump all...............: false
    stack stitching........: true
    stl profiling..........: true
    aggressive frame switch: true
    unwind frame exit......: true
    analyze child loops....: true
 -->
	<!-- Managed application profiling: -->
	<!-- 	State...................: enabled -->
	<!-- Gpu Profiling: -->
	<!-- 	State: disabled -->
	<msg id='2' display='false' source='trc'>
		<type>PROCESS_ANALYSIS_MODE</type>
		<severity>INFO</severity>
		<timestamp>Fri Mar  8 03:46:21 2024</timestamp>
		<arg name='mode'>full</arg>
	</msg>
	<msg id='3' display='false' source='trc'>
		<type>LOAD_MODULE</type>
		<severity>INFO</severity>
		<timestamp>Fri Mar  8 03:46:21 2024</timestamp>
		<arg name='module'>/user/home/jg20659/HPC-openmp/d2q9-bgk</arg>
		<arg name='basement'>0x400000</arg>
		<arg name='ceiling'>0x60e01f</arg>
		<arg name='symtab'>yes</arg>
	</msg>
	<!-- Instrumenting image: id = 1, name = /user/home/jg20659/HPC-openmp/d2q9-bgk -->
	<!-- Instrumenting loops in routine "main" -->
	<!-- Instrumenting loops in routine "collision" -->
	<!-- Instrumenting loops in routine "write_values" -->
	<!-- Instrumenting loops in routine "initialise" -->
	<msg id='4' display='false' source='trc'>
		<type>LOAD_MODULE</type>
		<severity>INFO</severity>
		<timestamp>Fri Mar  8 03:46:21 2024</timestamp>
		<arg name='module'>/lib64/ld-linux-x86-64.so.2</arg>
		<arg name='basement'>0x2b0cb896d000</arg>
		<arg name='ceiling'>0x2b0cb8b9014f</arg>
		<arg name='symtab'>yes</arg>
	</msg>
	<!-- Instrumentation of /lib64/ld-linux-x86-64.so.2 image skipped because of filter conditions [cs-mode]. -->
	<msg id='5' display='false' source='trc'>
		<type>LOAD_MODULE</type>
		<severity>INFO</severity>
		<timestamp>Fri Mar  8 03:46:21 2024</timestamp>
		<arg name='module'>[vdso]</arg>
		<arg name='basement'>0x7ffc141e3000</arg>
		<arg name='ceiling'>0x7ffc141e3e6c</arg>
		<arg name='symtab'>no</arg>
	</msg>
	<!-- Instrumentation of [vdso] image skipped because of filter conditions [cs-mode]. -->
	<msg id='6' display='false' source='trc'>
		<type>LOAD_MODULE</type>
		<severity>INFO</severity>
		<timestamp>Fri Mar  8 03:46:21 2024</timestamp>
		<arg name='module'>/lib64/libm.so.6</arg>
		<arg name='basement'>0x2b0cce543000</arg>
		<arg name='ceiling'>0x2b0cce844137</arg>
		<arg name='symtab'>yes</arg>
	</msg>
	<!-- Instrumentation of /lib64/libm.so.6 image skipped because of filter conditions [cs-mode]. -->
	<msg id='7' display='false' source='trc'>
		<type>LOAD_MODULE</type>
		<severity>INFO</severity>
		<timestamp>Fri Mar  8 03:46:21 2024</timestamp>
		<arg name='module'>/mnt/storage/software/languages/intel/intel-parallel_studio_xe_2020_u4/compilers_and_libraries_2020.4.304/linux/compiler/lib/intel64_lin/libiomp5.so</arg>
		<arg name='basement'>0x2b0cce86d000</arg>
		<arg name='ceiling'>0x2b0ccec721ff</arg>
		<arg name='symtab'>yes</arg>
	</msg>
	<!-- Instrumenting image: id = 5, name = /mnt/storage/software/languages/intel/intel-parallel_studio_xe_2020_u4/compilers_and_libraries_2020.4.304/linux/compiler/lib/intel64_lin/libiomp5.so -->
	<!-- Instrumenting loops in routine "__kmp_itt_init_ittlib" -->
	<!-- Instrumenting loops in routine "_INTERNALfc1b6210::__kmp_wait_template<kmp_flag_64<false, true>, true, false, true>" -->
	<!-- Instrumenting loops in routine "_INTERNALfc1b6210::__kmp_hyper_barrier_gather" -->
	<!-- Instrumenting loops in routine "_INTERNALfc1b6210::__kmp_hyper_barrier_release" -->
	<!-- Instrumenting loops in routine "_INTERNALfc1b6210::__kmp_hyper_barrier_gather(barrier_type, kmp_info*, int, int, void (*)(void*, void*), void*) " -->
	<!-- Instrumenting loops in routine "__kmp_barrier" -->
	<!-- Instrumenting loops in routine "__kmp_join_barrier" -->
	<!-- Instrumenting loops in routine "__kmp_acquire_ticket_lock" -->
	<!-- Instrumenting loops in routine "__kmp_resume_if_soft_paused" -->
	<!-- Instrumenting loops in routine "__kmp_allocate_thread" -->
	<!-- Instrumenting loops in routine "__kmp_launch_thread" -->
	<!-- Instrumenting loops in routine "__kmp_fork_call" -->
	<!-- Instrumenting loops in routine "__kmp_allocate_team" -->
	<!-- Instrumenting loops in routine "__kmp_join_call" -->
	<!-- Instrumenting loops in routine "__kmp_finish_implicit_task" -->
	<!-- Instrumenting loops in routine "__kmp_invoke_microtask" -->
	<!-- Instrumenting loops in routine "_INTERNAL8aaf6219::__kmp_launch_worker" -->
	<!-- Instrumenting loops in routine "__kmp_create_worker" -->
	<msg id='8' display='false' source='trc'>
		<type>LOAD_MODULE</type>
		<severity>INFO</severity>
		<timestamp>Fri Mar  8 03:46:21 2024</timestamp>
		<arg name='module'>/lib64/libgcc_s.so.1</arg>
		<arg name='basement'>0x2b0ccec77000</arg>
		<arg name='ceiling'>0x2b0ccee8c3ff</arg>
		<arg name='symtab'>no</arg>
	</msg>
	<!-- Instrumentation of /lib64/libgcc_s.so.1 image skipped because of filter conditions [cs-mode]. -->
	<msg id='9' display='false' source='trc'>
		<type>LOAD_MODULE</type>
		<severity>INFO</severity>
		<timestamp>Fri Mar  8 03:46:21 2024</timestamp>
		<arg name='module'>/lib64/libpthread.so.0</arg>
		<arg name='basement'>0x2b0ccee8d000</arg>
		<arg name='ceiling'>0x2b0ccf0a8487</arg>
		<arg name='symtab'>yes</arg>
	</msg>
	<!-- Instrumentation of /lib64/libpthread.so.0 image skipped because of filter conditions. -->
	<msg id='10' display='false' source='trc'>
		<type>LOAD_MODULE</type>
		<severity>INFO</severity>
		<timestamp>Fri Mar  8 03:46:21 2024</timestamp>
		<arg name='module'>/lib64/libc.so.6</arg>
		<arg name='basement'>0x2b0ccf0a9000</arg>
		<arg name='ceiling'>0x2b0ccf4761ff</arg>
		<arg name='symtab'>yes</arg>
	</msg>
	<!-- Instrumentation of /lib64/libc.so.6 image skipped because of filter conditions. -->
	<msg id='11' display='false' source='trc'>
		<type>LOAD_MODULE</type>
		<severity>INFO</severity>
		<timestamp>Fri Mar  8 03:46:21 2024</timestamp>
		<arg name='module'>/lib64/libdl.so.2</arg>
		<arg name='basement'>0x2b0ccf477000</arg>
		<arg name='ceiling'>0x2b0ccf67a12f</arg>
		<arg name='symtab'>yes</arg>
	</msg>
	<!-- Instrumentation of /lib64/libdl.so.2 image skipped because of filter conditions [cs-mode]. -->
	<msg id='12' display='false' source='trc'>
		<type>LOAD_MODULE</type>
		<severity>INFO</severity>
		<timestamp>Fri Mar  8 03:46:22 2024</timestamp>
		<arg name='module'>/mnt/storage/software/languages/intel/intel-parallel_studio_xe_2020_u4/advisor_2020.3.0.607294/lib64/runtime/libittnotify.so</arg>
		<arg name='basement'>0x2b0cd539b000</arg>
		<arg name='ceiling'>0x2b0cd55a765f</arg>
		<arg name='symtab'>no</arg>
	</msg>
	<!-- __itt_pause was instrumented -->
	<!-- __itt_resume was instrumented -->
	<!-- __itt_metadata_add was instrumented -->
	<!-- Instrumentation of /mnt/storage/software/languages/intel/intel-parallel_studio_xe_2020_u4/advisor_2020.3.0.607294/lib64/runtime/libittnotify.so image skipped because of filter conditions [cs-mode]. -->
	<msg id='13' display='false' source='trc'>
		<type>UNLOAD_MODULE</type>
		<severity>INFO</severity>
		<timestamp>Fri Mar  8 03:46:42 2024</timestamp>
		<arg name='module'>/user/home/jg20659/HPC-openmp/d2q9-bgk</arg>
	</msg>
	<msg id='14' display='false' source='trc'>
		<type>UNLOAD_MODULE</type>
		<severity>INFO</severity>
		<timestamp>Fri Mar  8 03:46:42 2024</timestamp>
		<arg name='module'>/lib64/ld-linux-x86-64.so.2</arg>
	</msg>
	<msg id='15' display='false' source='trc'>
		<type>UNLOAD_MODULE</type>
		<severity>INFO</severity>
		<timestamp>Fri Mar  8 03:46:42 2024</timestamp>
		<arg name='module'>[vdso]</arg>
	</msg>
	<msg id='16' display='false' source='trc'>
		<type>UNLOAD_MODULE</type>
		<severity>INFO</severity>
		<timestamp>Fri Mar  8 03:46:42 2024</timestamp>
		<arg name='module'>/lib64/libm.so.6</arg>
	</msg>
	<msg id='17' display='false' source='trc'>
		<type>UNLOAD_MODULE</type>
		<severity>INFO</severity>
		<timestamp>Fri Mar  8 03:46:42 2024</timestamp>
		<arg name='module'>/mnt/storage/software/languages/intel/intel-parallel_studio_xe_2020_u4/compilers_and_libraries_2020.4.304/linux/compiler/lib/intel64_lin/libiomp5.so</arg>
	</msg>
	<msg id='18' display='false' source='trc'>
		<type>UNLOAD_MODULE</type>
		<severity>INFO</severity>
		<timestamp>Fri Mar  8 03:46:42 2024</timestamp>
		<arg name='module'>/lib64/libgcc_s.so.1</arg>
	</msg>
	<msg id='19' display='false' source='trc'>
		<type>UNLOAD_MODULE</type>
		<severity>INFO</severity>
		<timestamp>Fri Mar  8 03:46:42 2024</timestamp>
		<arg name='module'>/lib64/libpthread.so.0</arg>
	</msg>
	<msg id='20' display='false' source='trc'>
		<type>UNLOAD_MODULE</type>
		<severity>INFO</severity>
		<timestamp>Fri Mar  8 03:46:42 2024</timestamp>
		<arg name='module'>/lib64/libc.so.6</arg>
	</msg>
	<msg id='21' display='false' source='trc'>
		<type>UNLOAD_MODULE</type>
		<severity>INFO</severity>
		<timestamp>Fri Mar  8 03:46:42 2024</timestamp>
		<arg name='module'>/lib64/libdl.so.2</arg>
	</msg>
	<msg id='22' display='false' source='trc'>
		<type>UNLOAD_MODULE</type>
		<severity>INFO</severity>
		<timestamp>Fri Mar  8 03:46:42 2024</timestamp>
		<arg name='module'>/mnt/storage/software/languages/intel/intel-parallel_studio_xe_2020_u4/advisor_2020.3.0.607294/lib64/runtime/libittnotify.so</arg>
	</msg>
	<msg id='23' display='false' source='trc'>
		<type>PROCESS_FINISH</type>
		<severity>INFO</severity>
		<timestamp>Fri Mar  8 03:46:42 2024</timestamp>
		<arg name='process'>/user/home/jg20659/HPC-openmp/d2q9-bgk</arg>
		<arg name='pid'>11177</arg>
		<arg name='exitcode'>0x0</arg>
	</msg>
	<!-- Application exited with code 0 -->
</log>